
> airsaas-next@0.1.0 build-storybook
> storybook build --output-dir=/var/folders/53/fz3ly9492s9g0rj_bp14ggrm0000gn/T/chromatic--48570-tMPntA42qrWd


[90m┌[39m  Building storybook v10.3.4
[90m│[39m
[32m◇[39m  Cleaning outputDir:
[90m│[39m  [36m../../../../../../../var/folders/53/fz3ly9492s9g0rj_bp14ggrm0000gn/T/chromatic--48570-tMPntA42qrWd[39m
[90m│[39m
[32m◇[39m  Loading presets
[90m│[39m
[32m◇[39m  Building manager..
[90m│[39m
[34m●[39m  Building preview..
[90m│[39m
[33m▲[39m  No story files found for the specified pattern: [34msrc/**/*.mdx[39m
[90m│[39m
[34m●[39m  Copying static files: [36mpublic[39m at
[90m│[39m  [36m../../../../../../../var/folders/53/fz3ly9492s9g0rj_bp14ggrm0000gn/T/chromatic--48570-tMPntA42qrWd[39m
[90m│[39m  [43mVite[49m [36mvite v8.0.3 [32mbuilding client environment for production...[36m[39m
[2Ktransforming...✓ 289 modules transformed.
rendering chunks...
computing gzip size...
[90m│[39m  [43mVite[49m
[90m│[39m  ../../../../../../../var/folders/53/fz3ly9492s9g0rj_bp14ggrm0000gn/T/chromatic--48570-tMPntA42qrWd/iframe.html
[90m│[39m  18.72 kB │ gzip:   5.28 kB
[90m│[39m  ../../../../../../../var/folders/53/fz3ly9492s9g0rj_bp14ggrm0000gn/T/chromatic--48570-tMPntA42qrWd/assets/iframe-zB1TVJ8u.css
[90m│[39m  64.05 kB │ gzip:  11.52 kB
[90m│[39m  ../../../../../../../var/folders/53/fz3ly9492s9g0rj_bp14ggrm0000gn/T/chromatic--48570-tMPntA42qrWd/assets/chunk-CYSK6WYR-B2NcHnL9.js
[90m│[39m  0.15 kB │ gzip:   0.13 kB
[90m│[39m  ../../../../../../../var/folders/53/fz3ly9492s9g0rj_bp14ggrm0000gn/T/chromatic--48570-tMPntA42qrWd/assets/chunk-242VQQM5-BiRYenZp.js
[90m│[39m  0.21 kB │ gzip:   0.18 kB
[90m│[39m  ../../../../../../../var/folders/53/fz3ly9492s9g0rj_bp14ggrm0000gn/T/chromatic--48570-tMPntA42qrWd/assets/formatter-EIJCOSYU-DnS78r6E.js
[90m│[39m  0.26 kB │ gzip:   0.21 kB
[90m│[39m  ../../../../../../../var/folders/53/fz3ly9492s9g0rj_bp14ggrm0000gn/T/chromatic--48570-tMPntA42qrWd/assets/react-ClNKjNOj.js
[90m│[39m  0.52 kB │ gzip:   0.32 kB
[90m│[39m  ../../../../../../../var/folders/53/fz3ly9492s9g0rj_bp14ggrm0000gn/T/chromatic--48570-tMPntA42qrWd/assets/EllipseBackground-C6eYc4Ja.js
[90m│[39m  0.59 kB │ gzip:   0.40 kB
[90m│[39m  ../../../../../../../var/folders/53/fz3ly9492s9g0rj_bp14ggrm0000gn/T/chromatic--48570-tMPntA42qrWd/assets/IllustrationFrame-CmF_n5wP.js
[90m│[39m  0.93 kB │ gzip:   0.50 kB
[90m│[39m  ../../../../../../../var/folders/53/fz3ly9492s9g0rj_bp14ggrm0000gn/T/chromatic--48570-tMPntA42qrWd/assets/EllipseBackground.stories-1rkdij3n.js
[90m│[39m  0.96 kB │ gzip:   0.47 kB
[90m│[39m  ../../../../../../../var/folders/53/fz3ly9492s9g0rj_bp14ggrm0000gn/T/chromatic--48570-tMPntA42qrWd/assets/GradientBackground-CC4Ss62o.js
[90m│[39m  1.00 kB │ gzip:   0.53 kB
[90m│[39m  ../../../../../../../var/folders/53/fz3ly9492s9g0rj_bp14ggrm0000gn/T/chromatic--48570-tMPntA42qrWd/assets/chunk-vNrZSFDR.js
[90m│[39m  1.17 kB │ gzip:   0.65 kB
[90m│[39m  ../../../../../../../var/folders/53/fz3ly9492s9g0rj_bp14ggrm0000gn/T/chromatic--48570-tMPntA42qrWd/assets/Text-C_577kTK.js
[90m│[39m  1.27 kB │ gzip:   0.59 kB
[90m│[39m  ../../../../../../../var/folders/53/fz3ly9492s9g0rj_bp14ggrm0000gn/T/chromatic--48570-tMPntA42qrWd/assets/preload-helper-BROLHtqz.js
[90m│[39m  1.27 kB │ gzip:   0.74 kB
[90m│[39m  ../../../../../../../var/folders/53/fz3ly9492s9g0rj_bp14ggrm0000gn/T/chromatic--48570-tMPntA42qrWd/assets/FloatingCard-D53YF6Qp.js
[90m│[39m  1.40 kB │ gzip:   0.65 kB
[90m│[39m  ../../../../../../../var/folders/53/fz3ly9492s9g0rj_bp14ggrm0000gn/T/chromatic--48570-tMPntA42qrWd/assets/IllustrationFrame.stories-CzQ__zb4.js
[90m│[39m  1.47 kB │ gzip:   0.57 kB
[90m│[39m  ../../../../../../../var/folders/53/fz3ly9492s9g0rj_bp14ggrm0000gn/T/chromatic--48570-tMPntA42qrWd/assets/Navbar.stories-DToZARpw.js
[90m│[39m  1.66 kB │ gzip:   0.65 kB
[90m│[39m  ../../../../../../../var/folders/53/fz3ly9492s9g0rj_bp14ggrm0000gn/T/chromatic--48570-tMPntA42qrWd/assets/Heading-DvypLntd.js
[90m│[39m  1.68 kB │ gzip:   0.70 kB
[90m│[39m  ../../../../../../../var/folders/53/fz3ly9492s9g0rj_bp14ggrm0000gn/T/chromatic--48570-tMPntA42qrWd/assets/Heading.stories-Ifs_DyUG.js
[90m│[39m  1.88 kB │ gzip:   0.63 kB
[90m│[39m  ../../../../../../../var/folders/53/fz3ly9492s9g0rj_bp14ggrm0000gn/T/chromatic--48570-tMPntA42qrWd/assets/Button-PG07miIQ.js
[90m│[39m  2.00 kB │ gzip:   0.84 kB
[90m│[39m  ../../../../../../../var/folders/53/fz3ly9492s9g0rj_bp14ggrm0000gn/T/chromatic--48570-tMPntA42qrWd/assets/Text.stories-B6i6F-Q0.js
[90m│[39m  2.33 kB │ gzip:   0.77 kB
[90m│[39m  ../../../../../../../var/folders/53/fz3ly9492s9g0rj_bp14ggrm0000gn/T/chromatic--48570-tMPntA42qrWd/assets/Tag.stories-B3qPpiXa.js
[90m│[39m  2.41 kB │ gzip:   0.80 kB
[90m│[39m  ../../../../../../../var/folders/53/fz3ly9492s9g0rj_bp14ggrm0000gn/T/chromatic--48570-tMPntA42qrWd/assets/Tag-DZImXLI9.js
[90m│[39m  2.63 kB │ gzip:   1.23 kB
[90m│[39m  ../../../../../../../var/folders/53/fz3ly9492s9g0rj_bp14ggrm0000gn/T/chromatic--48570-tMPntA42qrWd/assets/GradientBackground.stories-D5pDNrBw.js
[90m│[39m  2.82 kB │ gzip:   0.71 kB
[90m│[39m  ../../../../../../../var/folders/53/fz3ly9492s9g0rj_bp14ggrm0000gn/T/chromatic--48570-tMPntA42qrWd/assets/FloatingCard.stories-BB1gyeJE.js
[90m│[39m  3.17 kB │ gzip:   1.05 kB
[90m│[39m  ../../../../../../../var/folders/53/fz3ly9492s9g0rj_bp14ggrm0000gn/T/chromatic--48570-tMPntA42qrWd/assets/Typography.stories-SvPvValB.js
[90m│[39m  3.73 kB │ gzip:   1.16 kB
[90m│[39m  ../../../../../../../var/folders/53/fz3ly9492s9g0rj_bp14ggrm0000gn/T/chromatic--48570-tMPntA42qrWd/assets/chunk-3LY4VQVK-DnxFxDfU.js
[90m│[39m  4.02 kB │ gzip:   1.70 kB
[90m│[39m  ../../../../../../../var/folders/53/fz3ly9492s9g0rj_bp14ggrm0000gn/T/chromatic--48570-tMPntA42qrWd/assets/Colors.stories-BjQXINvt.js
[90m│[39m  4.22 kB │ gzip:   1.18 kB
[90m│[39m  ../../../../../../../var/folders/53/fz3ly9492s9g0rj_bp14ggrm0000gn/T/chromatic--48570-tMPntA42qrWd/assets/Navbar-X8DOzzih.js
[90m│[39m  5.25 kB │ gzip:   1.68 kB
[90m│[39m  ../../../../../../../var/folders/53/fz3ly9492s9g0rj_bp14ggrm0000gn/T/chromatic--48570-tMPntA42qrWd/assets/Button.stories-LOTyqXjy.js
[90m│[39m  5.52 kB │ gzip:   1.16 kB
[90m│[39m  ../../../../../../../var/folders/53/fz3ly9492s9g0rj_bp14ggrm0000gn/T/chromatic--48570-tMPntA42qrWd/assets/Hero.stories-BisNj2kq.js
[90m│[39m  7.39 kB │ gzip:   2.52 kB
[90m│[39m  ../../../../../../../var/folders/53/fz3ly9492s9g0rj_bp14ggrm0000gn/T/chromatic--48570-tMPntA42qrWd/assets/chunk-RD3KTAHR-DJ8ox8pw.js
[90m│[39m  20.66 kB │ gzip:   6.89 kB
[90m│[39m  ../../../../../../../var/folders/53/fz3ly9492s9g0rj_bp14ggrm0000gn/T/chromatic--48570-tMPntA42qrWd/assets/utils-CwyG4Us8.js
[90m│[39m  26.71 kB │ gzip:   8.64 kB
[90m│[39m  ../../../../../../../var/folders/53/fz3ly9492s9g0rj_bp14ggrm0000gn/T/chromatic--48570-tMPntA42qrWd/vite-inject-mocker-entry.js
[90m│[39m  27.85 kB │ gzip:   9.64 kB
[90m│[39m  ../../../../../../../var/folders/53/fz3ly9492s9g0rj_bp14ggrm0000gn/T/chromatic--48570-tMPntA42qrWd/assets/matchers-5TDFFDYO-BpgMOC8G.js
[90m│[39m  28.81 kB │ gzip:   9.67 kB
[90m│[39m  ../../../../../../../var/folders/53/fz3ly9492s9g0rj_bp14ggrm0000gn/T/chromatic--48570-tMPntA42qrWd/assets/Color-FRDS63T2-CevVTaN9.js
[90m│[39m  30.82 kB │ gzip:  11.55 kB
[90m│[39m  ../../../../../../../var/folders/53/fz3ly9492s9g0rj_bp14ggrm0000gn/T/chromatic--48570-tMPntA42qrWd/assets/WithTooltip-65CFNBJE-BsLeKVSv.js
[90m│[39m  33.20 kB │ gzip:  11.65 kB
[90m│[39m  ../../../../../../../var/folders/53/fz3ly9492s9g0rj_bp14ggrm0000gn/T/chromatic--48570-tMPntA42qrWd/assets/theming-BLuPjd65.js
[90m│[39m  55.30 kB │ gzip:  21.37 kB
[90m│[39m  ../../../../../../../var/folders/53/fz3ly9492s9g0rj_bp14ggrm0000gn/T/chromatic--48570-tMPntA42qrWd/assets/syntaxhighlighter-OH4MV7E3-Bl2ApCnx.js
[90m│[39m  76.11 kB │ gzip:  27.37 kB
[90m│[39m  ../../../../../../../var/folders/53/fz3ly9492s9g0rj_bp14ggrm0000gn/T/chromatic--48570-tMPntA42qrWd/assets/DocsRenderer-LL677BLK-Blhu5muW.js
[90m│[39m  183.14 kB │ gzip:  58.15 kB
[90m│[39m  ../../../../../../../var/folders/53/fz3ly9492s9g0rj_bp14ggrm0000gn/T/chromatic--48570-tMPntA42qrWd/assets/react-18-B3udhHix.js
[90m│[39m  202.87 kB │ gzip:  63.74 kB
[90m│[39m  ../../../../../../../var/folders/53/fz3ly9492s9g0rj_bp14ggrm0000gn/T/chromatic--48570-tMPntA42qrWd/assets/components-Bk3KyMb4.js
[90m│[39m  543.77 kB │ gzip: 173.04 kB
[90m│[39m  ../../../../../../../var/folders/53/fz3ly9492s9g0rj_bp14ggrm0000gn/T/chromatic--48570-tMPntA42qrWd/assets/axe-DUI_Pao5.js
[90m│[39m  567.55 kB │ gzip: 154.76 kB
[90m│[39m  ../../../../../../../var/folders/53/fz3ly9492s9g0rj_bp14ggrm0000gn/T/chromatic--48570-tMPntA42qrWd/assets/iframe-vvxBpPrO.js
[90m│[39m  1,245.21 kB │ gzip: 348.41 kB

[90m│[39m
[33m▲[39m  [43mVite[49m [33m[plugin builtin:vite-reporter]
[90m│[39m  (!) Some chunks are larger than 500 kB after minification. Consider:
[90m│[39m  - Using dynamic import() to code-split the application
[90m│[39m  - Use build.rolldownOptions.output.codeSplitting to improve chunking:
[90m│[39m  ]8;;https://rolldown.rs/reference/OutputOptions.codeSplittinghttps://rolldown.rs/reference/OutputOptions.codeSplitting]8;;
[90m│[39m  - Adjust chunk size limit for this warning via
[90m│[39m  build.chunkSizeWarningLimit.[39m
[90m│[39m  [43mVite[49m [32m✓ built in 748ms[39m
[90m│[39m
[32m◇[39m  Output directory:
[90m│[39m  /var/folders/53/fz3ly9492s9g0rj_bp14ggrm0000gn/T/chromatic--48570-tMPntA42qrWd
[90m│[39m
[90m└[39m  Storybook build completed successfully

